#
# There is insufficient memory for the Java Runtime Environment to continue.
# Native memory allocation (mmap) failed to map 100663296 bytes for Failed to commit area from 0x00000000a0e00000 to 0x00000000a6e00000 of length 100663296.
# Possible reasons:
#   The system is out of physical RAM or swap space
#   The process is running with CompressedOops enabled, and the Java Heap may be blocking the growth of the native heap
# Possible solutions:
#   Reduce memory load on the system
#   Increase physical memory or swap space
#   Check if swap backing store is full
#   Decrease Java heap size (-Xmx/-Xms)
#   Decrease number of Java threads
#   Decrease Java thread stack sizes (-Xss)
#   Set larger code cache with -XX:ReservedCodeCacheSize=
# This output file may be truncated or incomplete.
#
#  Out of Memory Error (./open/src/hotspot/os/windows/os_windows.cpp:3271), pid=8984, tid=6848
#
# JRE version:  (11.0.7+8) (build )
# Java VM: Java HotSpot(TM) 64-Bit Server VM (11.0.7+8-LTS, mixed mode, sharing, tiered, compressed oops, g1 gc, windows-amd64)
# No core dump will be written. Minidumps are not enabled by default on client versions of Windows
#

---------------  S U M M A R Y ------------

Command Line: -XX:TieredStopAtLevel=1 -Xverify:none -Dspring.output.ansi.enabled=always -Dcom.sun.management.jmxremote -Dspring.jmx.enabled=true -Dspring.liveBeansView.mbeanDomain -Dspring.application.admin.enabled=true -javaagent:C:\Program Files\JetBrains\IntelliJ IDEA 2019.3.4\lib\idea_rt.jar=59674:C:\Program Files\JetBrains\IntelliJ IDEA 2019.3.4\bin -Dfile.encoding=UTF-8 spring.DemoApplication

Host: AMD Ryzen 3 3200U with Radeon Vega Mobile Gfx  , 4 cores, 5G,  Windows 10 , 64 bit Build 18362 (10.0.18362.329)
Time: Fri May 15 19:08:15 2020 RTZ 2 (ceia) elapsed time: 0 seconds (0d 0h 0m 0s)

---------------  T H R E A D  ---------------

Current thread (0x000002a67dd16800):  JavaThread "Unknown thread" [_thread_in_vm, id=6848, stack(0x000000c37b500000,0x000000c37b600000)]

Stack: [0x000000c37b500000,0x000000c37b600000]
Native frames: (J=compiled Java code, j=interpreted, Vv=VM code, C=native code)
V  [jvm.dll+0x661a7a]
V  [jvm.dll+0x7a1b2f]
V  [jvm.dll+0x7a31d5]
V  [jvm.dll+0x7a3843]
V  [jvm.dll+0x25f1a8]
V  [jvm.dll+0x65ee8a]
V  [jvm.dll+0x653865]
V  [jvm.dll+0x316adc]
V  [jvm.dll+0x316962]
V  [jvm.dll+0x31c1d6]
V  [jvm.dll+0x3688af]
V  [jvm.dll+0x3682d0]
V  [jvm.dll+0x2f3888]
V  [jvm.dll+0x2f49e6]
V  [jvm.dll+0x77ac57]
V  [jvm.dll+0x77c52f]
V  [jvm.dll+0x3755a9]
V  [jvm.dll+0x75fe6e]
V  [jvm.dll+0x3e5b7d]
V  [jvm.dll+0x3e8091]
C  [java.exe+0x3607]
C  [java.exe+0x178dc]
C  [KERNEL32.DLL+0x17bd4]
C  [ntdll.dll+0x6ced1]


---------------  P R O C E S S  ---------------

Threads class SMR info:
_java_thread_list=0x000002a67dc0b080, length=0, elements={
}

Java Threads: ( => current thread )

Other Threads:
  0x000002a67dd2e000 GCTaskThread "GC Thread#0" [stack: 0x000000c37b600000,0x000000c37b700000] [id=8548]
  0x000002a67dd54000 ConcurrentGCThread "G1 Main Marker" [stack: 0x000000c37b700000,0x000000c37b800000] [id=2880]
  0x000002a67dd55800 ConcurrentGCThread "G1 Conc#0" [stack: 0x000000c37b800000,0x000000c37b900000] [id=8936]

[error occurred during error reporting (printing all threads), id 0xc0000005, EXCEPTION_ACCESS_VIOLATION (0xc0000005) at pc=0x00007fffa1552047]

VM state:not at safepoint (not fully initialized)

VM Mutex/Monitor currently owned by a thread:  ([mutex/lock_event])
[0x000002a67dd12da0] Heap_lock - owner thread: 0x000002a67dd16800

Heap address: 0x00000000a0e00000, size: 1522 MB, Compressed Oops mode: Non-zero based: 0x00000000a0e00000
Narrow klass base: 0x0000000000000000, Narrow klass shift: 0

GC Heap History (0 events):
No events

Deoptimization events (0 events):
No events

Classes redefined (0 events):
No events

Internal exceptions (0 events):
No events

Events (0 events):
No events


Dynamic libraries:
0x00007ff6b1980000 - 0x00007ff6b19c7000 	C:\Program Files\Java\jdk-11.0.7\bin\java.exe
0x00007fffd19a0000 - 0x00007fffd1b90000 	C:\Windows\SYSTEM32\ntdll.dll
0x00007fffd1390000 - 0x00007fffd1442000 	C:\Windows\System32\KERNEL32.DLL
0x00007fffcf260000 - 0x00007fffcf503000 	C:\Windows\System32\KERNELBASE.dll
0x00007fffd1450000 - 0x00007fffd14f3000 	C:\Windows\System32\ADVAPI32.dll
0x00007fffd16c0000 - 0x00007fffd175e000 	C:\Windows\System32\msvcrt.dll
0x00007fffcfa50000 - 0x00007fffcfae7000 	C:\Windows\System32\sechost.dll
0x00007fffd1550000 - 0x00007fffd1670000 	C:\Windows\System32\RPCRT4.dll
0x00007fffcfaf0000 - 0x00007fffcfc84000 	C:\Windows\System32\USER32.dll
0x00007fffce930000 - 0x00007fffce951000 	C:\Windows\System32\win32u.dll
0x00007fffd1670000 - 0x00007fffd1696000 	C:\Windows\System32\GDI32.dll
0x00007fffcf890000 - 0x00007fffcfa24000 	C:\Windows\System32\gdi32full.dll
0x00007fffcf7f0000 - 0x00007fffcf88e000 	C:\Windows\System32\msvcp_win.dll
0x00007fffcf540000 - 0x00007fffcf63a000 	C:\Windows\System32\ucrtbase.dll
0x00007fffc1ea0000 - 0x00007fffc2125000 	C:\Windows\WinSxS\amd64_microsoft.windows.common-controls_6595b64144ccf1df_6.0.18362.476_none_e6c4b11b130f2595\COMCTL32.dll
0x00007fffd0eb0000 - 0x00007fffd11e6000 	C:\Windows\System32\combase.dll
0x00007fffcf1e0000 - 0x00007fffcf260000 	C:\Windows\System32\bcryptPrimitives.dll
0x00007fffc73f0000 - 0x00007fffc73fa000 	C:\Windows\SYSTEM32\VERSION.dll
0x00007fffd1520000 - 0x00007fffd154e000 	C:\Windows\System32\IMM32.DLL
0x00007fffc3110000 - 0x00007fffc3126000 	C:\Program Files\Java\jdk-11.0.7\bin\vcruntime140.dll
0x00007fffaa610000 - 0x00007fffaa6ba000 	C:\Program Files\Java\jdk-11.0.7\bin\msvcp140.dll
0x00007fffa1250000 - 0x00007fffa1db1000 	C:\Program Files\Java\jdk-11.0.7\bin\server\jvm.dll
0x00007fffd1950000 - 0x00007fffd1958000 	C:\Windows\System32\PSAPI.DLL
0x00007fffcb0d0000 - 0x00007fffcb0d9000 	C:\Windows\SYSTEM32\WSOCK32.dll
0x00007fffd11f0000 - 0x00007fffd125f000 	C:\Windows\System32\WS2_32.dll
0x00007fffcc9b0000 - 0x00007fffcc9d4000 	C:\Windows\SYSTEM32\WINMM.dll
0x00007fffcc980000 - 0x00007fffcc9ad000 	C:\Windows\SYSTEM32\WINMMBASE.dll
0x00007fffcea10000 - 0x00007fffcea5a000 	C:\Windows\System32\cfgmgr32.dll
0x00007fffce8a0000 - 0x00007fffce8b1000 	C:\Windows\System32\kernel.appcore.dll
0x00007fffc2f60000 - 0x00007fffc2f71000 	C:\Program Files\Java\jdk-11.0.7\bin\verify.dll
0x00007fffbebf0000 - 0x00007fffbede4000 	C:\Windows\SYSTEM32\DBGHELP.DLL
0x00007fffbd8d0000 - 0x00007fffbd8fa000 	C:\Windows\SYSTEM32\dbgcore.DLL
0x00007fffc2f30000 - 0x00007fffc2f59000 	C:\Program Files\Java\jdk-11.0.7\bin\java.dll
0x00007fffca390000 - 0x00007fffca39a000 	C:\Program Files\Java\jdk-11.0.7\bin\jimage.dll
0x00007fffc25c0000 - 0x00007fffc25f0000 	C:\Program Files\Java\jdk-11.0.7\bin\instrument.dll
0x00007fffc2ec0000 - 0x00007fffc2ed6000 	C:\Program Files\Java\jdk-11.0.7\bin\zip.dll

dbghelp: loaded successfully - version: 4.0.5 - missing functions: none
symbol engine: initialized successfully - sym options: 0x614 - pdb path: .;C:\Program Files\Java\jdk-11.0.7\bin;C:\Windows\SYSTEM32;C:\Windows\WinSxS\amd64_microsoft.windows.common-controls_6595b64144ccf1df_6.0.18362.476_none_e6c4b11b130f2595;C:\Program Files\Java\jdk-11.0.7\bin\server

VM Arguments:
jvm_args: -XX:TieredStopAtLevel=1 -Xverify:none -Dspring.output.ansi.enabled=always -Dcom.sun.management.jmxremote -Dspring.jmx.enabled=true -Dspring.liveBeansView.mbeanDomain -Dspring.application.admin.enabled=true -javaagent:C:\Program Files\JetBrains\IntelliJ IDEA 2019.3.4\lib\idea_rt.jar=59674:C:\Program Files\JetBrains\IntelliJ IDEA 2019.3.4\bin -Dfile.encoding=UTF-8 
java_command: spring.DemoApplication
java_class_path (initial): C:\Users\Admin\Desktop\Препроект\demo\target\classes;C:\Users\Admin\.m2\repository\org\springframework\boot\spring-boot-starter-data-jpa\2.3.0.RELEASE\spring-boot-starter-data-jpa-2.3.0.RELEASE.jar;C:\Users\Admin\.m2\repository\org\springframework\boot\spring-boot-starter-aop\2.3.0.RELEASE\spring-boot-starter-aop-2.3.0.RELEASE.jar;C:\Users\Admin\.m2\repository\org\aspectj\aspectjweaver\1.9.5\aspectjweaver-1.9.5.jar;C:\Users\Admin\.m2\repository\org\springframework\boot\spring-boot-starter-jdbc\2.3.0.RELEASE\spring-boot-starter-jdbc-2.3.0.RELEASE.jar;C:\Users\Admin\.m2\repository\com\zaxxer\HikariCP\3.4.5\HikariCP-3.4.5.jar;C:\Users\Admin\.m2\repository\org\springframework\spring-jdbc\5.2.6.RELEASE\spring-jdbc-5.2.6.RELEASE.jar;C:\Users\Admin\.m2\repository\jakarta\transaction\jakarta.transaction-api\1.3.3\jakarta.transaction-api-1.3.3.jar;C:\Users\Admin\.m2\repository\jakarta\persistence\jakarta.persistence-api\2.2.3\jakarta.persistence-api-2.2.3.jar;C:\Users\Admin\.m2\repository\org\hibernate\hibernate-core\5.4.15.Final\hibernate-core-5.4.15.Final.jar;C:\Users\Admin\.m2\repository\org\jboss\logging\jboss-logging\3.4.1.Final\jboss-logging-3.4.1.Final.jar;C:\Users\Admin\.m2\repository\org\javassist\javassist\3.24.0-GA\javassist-3.24.0-GA.jar;C:\Users\Admin\.m2\repository\net\bytebuddy\byte-buddy\1.10.10\byte-buddy-1.10.10.jar;C:\Users\Admin\.m2\repository\antlr\antlr\2.7.7\antlr-2.7.7.jar;C:\Users\Admin\.m2\repository\org\jboss\jandex\2.1.3.Final\jandex-2.1.3.Final.jar;C:\Users\Admin\.m2\repository\com\fasterxml\classmate\1.5.1\classmate-1.5.1.jar;C:\Users\Admin\.m2\repository\org\dom4j\dom4j\2.1.3\dom4j-2.1.3.jar;C:\Users\Admin\.m2\repository\org\hibernate\common\hibernate-commons-annotations\5.1.0.Final\hibernate-commons-annotations-5.1.0.Final.jar;C:\Users\Admin\.m2\repository\org\glassfish\jaxb\jaxb-runtime\2.3.3\jaxb-runtime-2.3.3.jar;C:\Users\Admin\.m2\repository\org\glassfish\jaxb\txw2\2.3.3\txw2-2.3.3.jar;C:\Users\Admin\.m2\reposi
Launcher Type: SUN_STANDARD

[Global flags]
     bool BytecodeVerificationLocal                = false                                     {product} {command line}
     bool BytecodeVerificationRemote               = false                                     {product} {command line}
     intx CICompilerCount                          = 3                                         {product} {ergonomic}
     uint ConcGCThreads                            = 1                                         {product} {ergonomic}
     uint G1ConcRefinementThreads                  = 4                                         {product} {ergonomic}
   size_t G1HeapRegionSize                         = 1048576                                   {product} {ergonomic}
    uintx GCDrainStackTargetSize                   = 64                                        {product} {ergonomic}
   size_t InitialHeapSize                          = 100663296                                 {product} {ergonomic}
     bool ManagementServer                         = true                                      {product} {command line}
   size_t MarkStackSize                            = 4194304                                   {product} {ergonomic}
   size_t MaxHeapSize                              = 1595932672                                {product} {ergonomic}
   size_t MinHeapDeltaBytes                        = 1048576                                   {product} {ergonomic}
    uintx NonNMethodCodeHeapSize                   = 6973028                                {pd product} {ergonomic}
    uintx NonProfiledCodeHeapSize                  = 244685212                              {pd product} {ergonomic}
    uintx ProfiledCodeHeapSize                     = 0                                      {pd product} {ergonomic}
    uintx ReservedCodeCacheSize                    = 251658240                              {pd product} {ergonomic}
     bool SegmentedCodeCache                       = true                                      {product} {ergonomic}
     intx TieredStopAtLevel                        = 1                                         {product} {command line}
     bool UseCompressedClassPointers               = true                                 {lp64_product} {ergonomic}
     bool UseCompressedOops                        = true                                 {lp64_product} {ergonomic}
     bool UseG1GC                                  = true                                      {product} {ergonomic}
     bool UseLargePagesIndividualAllocation        = false                                  {pd product} {ergonomic}

Logging:
Log output configuration:
 #0: stdout all=warning uptime,level,tags
 #1: stderr all=off uptime,level,tags

Environment Variables:
PATH=C:\Program Files (x86)\Common Files\Oracle\Java\javapath;C:\Windows\system32;C:\Windows;C:\Windows\System32\Wbem;C:\Windows\System32\WindowsPowerShell\v1.0\;C:\Windows\System32\OpenSSH\;C:\Program Files\Git\cmd;C:\Users\Admin\AppData\Local\Microsoft\WindowsApps;C:\Program Files\Java\jdk1.8.0_241\bin;
USERNAME=Admin
OS=Windows_NT
PROCESSOR_IDENTIFIER=AMD64 Family 23 Model 24 Stepping 1, AuthenticAMD



---------------  S Y S T E M  ---------------

OS: Windows 10 , 64 bit Build 18362 (10.0.18362.329)

CPU:total 4 (initial active 4) (4 cores per cpu, 2 threads per core) family 23 model 24 stepping 1, cmov, cx8, fxsr, mmx, sse, sse2, sse3, ssse3, sse4.1, sse4.2, popcnt, avx, avx2, aes, clmul, mmxext, 3dnowpref, lzcnt, sse4a, ht, tsc, tscinvbit, tscinv, bmi1, bmi2, adx, sha, fma

Memory: 4k page, system-wide physical 6082M (626M free)
TotalPageFile size 8130M (AvailPageFile size 81M)
current process WorkingSet (physical memory assigned to process): 9M, peak: 10M
current process commit charge ("private bytes"): 49M, peak: 145M

vm_info: Java HotSpot(TM) 64-Bit Server VM (11.0.7+8-LTS) for windows-amd64 JRE (11.0.7+8-LTS), built on Mar 12 2020 02:04:32 by "mach5one" with MS VC++ 15.5 (VS2017)

END.
